<?xml version="1.0" encoding="UTF-8"?>
<!-- Generated by org.testng.reporters.JUnitReportReporter -->
<testsuite skipped="0" hostname="DESKTOP-UUTUU8G" name="code_practice.CommonSearch" tests="5" failures="0" timestamp="27 Jun 2019 04:02:02 GMT" time="38.950" errors="0">
  <testcase name="common_Search" time="6.023" classname="code_practice.CommonSearch"/>
  <testcase name="common_Search" time="14.789" classname="code_practice.CommonSearch"/>
  <testcase name="common_Search" time="5.932" classname="code_practice.CommonSearch"/>
  <testcase name="common_Search" time="5.593" classname="code_practice.CommonSearch"/>
  <testcase name="common_Search" time="6.613" classname="code_practice.CommonSearch"/>
</testsuite> <!-- code_practice.CommonSearch -->
