<?xml version="1.0" encoding="UTF-8"?>
<!-- Generated by org.testng.reporters.JUnitReportReporter -->
<testsuite skipped="0" hostname="DESKTOP-UUTUU8G" name="code_practice.Search_1" tests="1" failures="0" timestamp="27 Jun 2019 10:43:33 GMT" time="35.948" errors="0">
  <testcase name="common_Search" time="35.948" classname="code_practice.Search_1"/>
</testsuite> <!-- code_practice.Search_1 -->
