<?xml version="1.0" encoding="UTF-8"?>
<!-- Generated by org.testng.reporters.JUnitReportReporter -->
<testsuite skipped="0" hostname="DESKTOP-UUTUU8G" name="code_practice.prcatice_sortingsteps" tests="1" failures="0" timestamp="20 Aug 2019 09:56:42 GMT" time="112.181" errors="0">
  <testcase name="getlist" time="112.181" classname="code_practice.prcatice_sortingsteps"/>
</testsuite> <!-- code_practice.prcatice_sortingsteps -->
