<?xml version="1.0" encoding="UTF-8"?>
<!-- Generated by org.testng.reporters.JUnitReportReporter -->
<testsuite skipped="0" hostname="DESKTOP-UUTUU8G" name="code_practice.Sortfunction" tests="1" failures="0" timestamp="09 Jul 2019 12:58:33 GMT" time="1.689" errors="0">
  <testcase name="test1" time="1.689" classname="code_practice.Sortfunction"/>
</testsuite> <!-- code_practice.Sortfunction -->
