<?xml version="1.0" encoding="UTF-8"?>
<!-- Generated by org.testng.reporters.JUnitReportReporter -->
<testsuite skipped="0" hostname="DESKTOP-UUTUU8G" name="code_practice.Sorting" tests="1" failures="0" timestamp="09 Jul 2019 09:18:39 GMT" time="73.981" errors="0">
  <testcase name="l1" time="73.981" classname="code_practice.Sorting"/>
</testsuite> <!-- code_practice.Sorting -->
