<?xml version="1.0" encoding="UTF-8"?>
<!-- Generated by org.testng.reporters.JUnitReportReporter -->
<testsuite skipped="0" hostname="DESKTOP-UUTUU8G" name="code_practice.Add_Customer" tests="1" failures="0" timestamp="26 Aug 2019 12:10:54 GMT" time="15.778" errors="0">
  <testcase name="add_customers" time="15.778" classname="code_practice.Add_Customer"/>
</testsuite> <!-- code_practice.Add_Customer -->
