<?xml version="1.0" encoding="UTF-8"?>
<!-- Generated by org.testng.reporters.JUnitReportReporter -->
<testsuite skipped="0" hostname="DESKTOP-UUTUU8G" name="code_practice.Sorting" tests="1" failures="0" timestamp="03 Jul 2019 13:11:07 GMT" time="0.054" errors="0">
  <testcase name="pagecount" time="0.054" classname="code_practice.Sorting"/>
</testsuite> <!-- code_practice.Sorting -->
