<?xml version="1.0" encoding="UTF-8"?>
<!-- Generated by org.testng.reporters.JUnitReportReporter -->
<testsuite skipped="0" hostname="DESKTOP-UUTUU8G" name="code_practice.Shorting_Icon" tests="1" failures="0" timestamp="18 Jul 2019 09:09:51 GMT" time="4.297" errors="0">
  <testcase name="test2" time="4.297" classname="code_practice.Shorting_Icon"/>
</testsuite> <!-- code_practice.Shorting_Icon -->
