<?xml version="1.0" encoding="UTF-8"?>
<!-- Generated by org.testng.reporters.JUnitReportReporter -->
<testsuite skipped="0" hostname="DESKTOP-UUTUU8G" name="code_practice.filter" tests="1" failures="0" timestamp="26 Aug 2019 10:25:41 GMT" time="68.419" errors="0">
  <testcase name="singlefilter" time="68.419" classname="code_practice.filter"/>
</testsuite> <!-- code_practice.filter -->
