<?xml version="1.0" encoding="UTF-8"?>
<!-- Generated by org.testng.reporters.JUnitReportReporter -->
<testsuite skipped="0" hostname="DESKTOP-UUTUU8G" name="code_practice.Search_2" tests="1" failures="0" timestamp="28 Jun 2019 11:11:12 GMT" time="41.082" errors="0">
  <testcase name="search2" time="41.082" classname="code_practice.Search_2"/>
</testsuite> <!-- code_practice.Search_2 -->
