<?xml version="1.0" encoding="UTF-8"?>
<!-- Generated by org.testng.reporters.JUnitReportReporter -->
<testsuite skipped="0" hostname="DESKTOP-UUTUU8G" name="code_practice.Sorting" tests="1" failures="0" timestamp="12 Jul 2019 09:04:41 GMT" time="3.867" errors="0">
  <testcase name="m" time="3.867" classname="code_practice.Sorting"/>
</testsuite> <!-- code_practice.Sorting -->
