<?xml version="1.0" encoding="UTF-8"?>
<!-- Generated by org.testng.reporters.JUnitReportReporter -->
<testsuite skipped="0" hostname="DESKTOP-UUTUU8G" name="code_practice.Sorting1" tests="1" failures="0" timestamp="04 Jul 2019 05:33:08 GMT" time="0.930" errors="0">
  <testcase name="teardown" time="0.930" classname="code_practice.Sorting1"/>
</testsuite> <!-- code_practice.Sorting1 -->
