<?xml version="1.0" encoding="UTF-8"?>
<!-- Generated by org.testng.reporters.JUnitReportReporter -->
<testsuite skipped="0" hostname="DESKTOP-UUTUU8G" name="code_practice.Sortingdemo" tests="1" failures="0" timestamp="20 Aug 2019 09:23:38 GMT" time="177.799" errors="0">
  <testcase name="test1" time="177.799" classname="code_practice.Sortingdemo"/>
</testsuite> <!-- code_practice.Sortingdemo -->
