<?xml version="1.0" encoding="UTF-8"?>
<!-- Generated by org.testng.reporters.JUnitReportReporter -->
<testsuite skipped="0" hostname="DESKTOP-UUTUU8G" name="code_practice.Testsort" tests="1" failures="0" timestamp="05 Aug 2019 04:56:34 GMT" time="8.212" errors="0">
  <testcase name="sort" time="8.212" classname="code_practice.Testsort"/>
</testsuite> <!-- code_practice.Testsort -->
