<?xml version="1.0" encoding="UTF-8"?>
<!-- Generated by org.testng.reporters.JUnitReportReporter -->
<testsuite skipped="0" hostname="DESKTOP-UUTUU8G" name="code_practice.Test1" tests="1" failures="0" timestamp="16 Jul 2019 10:31:08 GMT" time="81.142" errors="0">
  <testcase name="run" time="81.142" classname="code_practice.Test1"/>
</testsuite> <!-- code_practice.Test1 -->
